This is pdfTeX, Version 3.1415926-1.40.10 (TeX Live 2009) (format=pdflatex 2009.11.7)  19 NOV 2010 13:54
entering extended mode
 \write18 enabled.
 %&-line parsing enabled.
**partitioned.tex
(./partitioned.tex
LaTeX2e <2009/09/24>
Babel <v3.8l> and hyphenation patterns for english, usenglishmax, dumylang, noh
yphenation, german-x-2009-06-19, ngerman-x-2009-06-19, ancientgreek, ibycus, ar
abic, basque, bulgarian, catalan, pinyin, coptic, croatian, czech, danish, dutc
h, esperanto, estonian, farsi, finnish, french, galician, german, ngerman, mono
greek, greek, hungarian, icelandic, indonesian, interlingua, irish, italian, ku
rmanji, latin, latvian, lithuanian, mongolian, mongolian2a, bokmal, nynorsk, po
lish, portuguese, romanian, russian, sanskrit, serbian, slovak, slovenian, span
ish, swedish, turkish, ukenglish, ukrainian, uppersorbian, welsh, loaded.
(/usr/local/texlive/2009/texmf-dist/tex/latex/base/article.cls
Document Class: article 2007/10/19 v1.4h Standard LaTeX document class
(/usr/local/texlive/2009/texmf-dist/tex/latex/base/size11.clo
File: size11.clo 2007/10/19 v1.4h Standard LaTeX file (size option)
)
\c@part=\count79
\c@section=\count80
\c@subsection=\count81
\c@subsubsection=\count82
\c@paragraph=\count83
\c@subparagraph=\count84
\c@figure=\count85
\c@table=\count86
\abovecaptionskip=\skip41
\belowcaptionskip=\skip42
\bibindent=\dimen102
)
(/usr/local/texlive/2009/texmf-dist/tex/latex/graphics/graphicx.sty
Package: graphicx 1999/02/16 v1.0f Enhanced LaTeX Graphics (DPC,SPQR)

(/usr/local/texlive/2009/texmf-dist/tex/latex/graphics/keyval.sty
Package: keyval 1999/03/16 v1.13 key=value parser (DPC)
\KV@toks@=\toks14
)
(/usr/local/texlive/2009/texmf-dist/tex/latex/graphics/graphics.sty
Package: graphics 2009/02/05 v1.0o Standard LaTeX Graphics (DPC,SPQR)

(/usr/local/texlive/2009/texmf-dist/tex/latex/graphics/trig.sty
Package: trig 1999/03/16 v1.09 sin cos tan (DPC)
)
(/usr/local/texlive/2009/texmf-dist/tex/latex/latexconfig/graphics.cfg
File: graphics.cfg 2009/08/28 v1.8 graphics configuration of TeX Live
)
Package graphics Info: Driver file: pdftex.def on input line 91.

(/usr/local/texlive/2009/texmf-dist/tex/latex/pdftex-def/pdftex.def
File: pdftex.def 2009/08/25 v0.04m Graphics/color for pdfTeX
\Gread@gobject=\count87
))
\Gin@req@height=\dimen103
\Gin@req@width=\dimen104
)
(/usr/local/texlive/2009/texmf-dist/tex/latex/natbib/natbib.sty
Package: natbib 2009/07/16 8.31 (PWD, AO)
\bibhang=\skip43
\bibsep=\skip44
LaTeX Info: Redefining \cite on input line 694.
\c@NAT@ctr=\count88
)
No file partitioned.aux.
\openout1 = `partitioned.aux'.

LaTeX Font Info:    Checking defaults for OML/cmm/m/it on input line 23.
LaTeX Font Info:    ... okay on input line 23.
LaTeX Font Info:    Checking defaults for T1/cmr/m/n on input line 23.
LaTeX Font Info:    ... okay on input line 23.
LaTeX Font Info:    Checking defaults for OT1/cmr/m/n on input line 23.
LaTeX Font Info:    ... okay on input line 23.
LaTeX Font Info:    Checking defaults for OMS/cmsy/m/n on input line 23.
LaTeX Font Info:    ... okay on input line 23.
LaTeX Font Info:    Checking defaults for OMX/cmex/m/n on input line 23.
LaTeX Font Info:    ... okay on input line 23.
LaTeX Font Info:    Checking defaults for U/cmr/m/n on input line 23.
LaTeX Font Info:    ... okay on input line 23.
(/usr/local/texlive/2009/texmf-dist/tex/context/base/supp-pdf.mkii
[Loading MPS to PDF converter (version 2006.09.02).]
\scratchcounter=\count89
\scratchdimen=\dimen105
\scratchbox=\box26
\nofMPsegments=\count90
\nofMParguments=\count91
\everyMPshowfont=\toks15
\MPscratchCnt=\count92
\MPscratchDim=\dimen106
\MPnumerator=\count93
\everyMPtoPDFconversion=\toks16
)
LaTeX Font Info:    External font `cmex10' loaded for size
(Font)              <10.95> on input line 37.
LaTeX Font Info:    External font `cmex10' loaded for size
(Font)              <8> on input line 37.
LaTeX Font Info:    External font `cmex10' loaded for size
(Font)              <6> on input line 37.
 [1

{/usr/local/texlive/2009/texmf-var/fonts/map/pdftex/updmap/pdftex.map}]
[1]

Package natbib Warning: Citation `bull93' on page 2 undefined on input line 129
.


Package natbib Warning: Citation `brandley05' on page 2 undefined on input line
 133.


Package natbib Warning: Citation `brown07' on page 2 undefined on input line 13
3.


Package natbib Warning: Citation `marshall06' on page 2 undefined on input line
 134.


Package natbib Warning: Citation `poux08' on page 2 undefined on input line 134
.


Package natbib Warning: Citation `vendetti08' on page 2 undefined on input line
 134.


Package natbib Warning: Citation `nylander04' on page 2 undefined on input line
 135.


Package natbib Warning: Citation `pagel04' on page 2 undefined on input line 13
5.


Package natbib Warning: Citation `ronquist03' on page 2 undefined on input line
 138.


Package natbib Warning: Citation `suchard01' on page 2 undefined on input line 
149.


Package natbib Warning: Citation `brandley05' on page 2 undefined on input line
 151.


Package natbib Warning: Citation `nylander04' on page 2 undefined on input line
 151.


Package natbib Warning: Citation `mcguire07' on page 2 undefined on input line 
151.


Package natbib Warning: Citation `newton94' on page 2 undefined on input line 1
59.


Package natbib Warning: Citation `sullivan05' on page 2 undefined on input line
 160.


Package natbib Warning: Citation `brown07' on page 2 undefined on input line 16
0.


Package natbib Warning: Citation `suchard01' on page 2 undefined on input line 
161.


Package natbib Warning: Citation `lartillot06' on page 2 undefined on input lin
e 162.


Package natbib Warning: Citation `pagel04' on page 2 undefined on input line 16
6.


Package natbib Warning: Citation `sullivan05' on page 2 undefined on input line
 166.

[2]

Package natbib Warning: Citation `lartillot04' on page 3 undefined on input lin
e 178.


Package natbib Warning: Citation `huelsenbeck06' on page 3 undefined on input l
ine 179.


Package natbib Warning: Citation `huelsenbeck07b' on page 3 undefined on input 
line 180.

[3]

Package natbib Warning: Citation `tavare86' on page 4 undefined on input line 2
05.


Package natbib Warning: Citation `yang93' on page 4 undefined on input line 205
.


Package natbib Warning: Citation `yang94a' on page 4 undefined on input line 20
5.

[4]

Package natbib Warning: Citation `felsenstein81' on page 5 undefined on input l
ine 240.


Package natbib Warning: Citation `ronquist03' on page 5 undefined on input line
 253.

[5]

Package natbib Warning: Citation `bull93' on page 6 undefined on input line 264
.


Package natbib Warning: Citation `yang00' on page 6 undefined on input line 285
.

[6]

Package natbib Warning: Citation `stanton86' on page 7 undefined on input line 
340.


Package natbib Warning: Citation `bell34' on page 7 undefined on input line 341
.


Package natbib Warning: Citation `ferguson73' on page 7 undefined on input line
 357.


Package natbib Warning: Citation `antoniak74' on page 7 undefined on input line
 357.

[7]

Package natbib Warning: Citation `aldous85' on page 8 undefined on input line 3
95.


Package natbib Warning: Citation `pitman02' on page 8 undefined on input line 3
95.

[8]

Package natbib Warning: Citation `ane07' on page 9 undefined on input line 403.



Package natbib Warning: Citation `metropolis53' on page 9 undefined on input li
ne 427.


Package natbib Warning: Citation `hastings70' on page 9 undefined on input line
 427.

[9]

Package natbib Warning: Citation `neal00' on page 10 undefined on input line 44
9.

[10]

Package natbib Warning: Citation `yang95b' on page 11 undefined on input line 4
84.


Package natbib Warning: Citation `felsenstein85a' on page 11 undefined on input
 line 487.


Package natbib Warning: Citation `gusfield02' on page 11 undefined on input lin
e 494.

[11]

Package natbib Warning: Citation `nylander04' on page 12 undefined on input lin
e 506.


Package natbib Warning: Citation `brandley05' on page 12 undefined on input lin
e 511.


Package natbib Warning: Citation `mcguire07' on page 12 undefined on input line
 515.

Missing character: There is no Þ in font cmr10!

Package natbib Warning: Citation `sparks04' on page 12 undefined on input line 
520.


Package natbib Warning: Citation `xiang06' on page 12 undefined on input line 5
24.


Package natbib Warning: Citation `brandley05' on page 12 undefined on input lin
e 530.


Package natbib Warning: Citation `nylander04' on page 12 undefined on input lin
e 530.


Package natbib Warning: Citation `mcguire07' on page 12 undefined on input line
 530.

[12]

Package natbib Warning: Citation `rambaut07' on page 13 undefined on input line
 559.


Package natbib Warning: Citation `ronquist03' on page 13 undefined on input lin
e 562.


Package natbib Warning: Citation `rambaut07' on page 13 undefined on input line
 565.


Package natbib Warning: Citation `ronquist03' on page 13 undefined on input lin
e 571.

[13] [14] [15]

Package natbib Warning: Citation `nylander04' on page 16 undefined on input lin
e 688.


Package natbib Warning: Citation `yang96a' on page 16 undefined on input line 6
89.


Package natbib Warning: Citation `huelsenbeck04b' on page 16 undefined on input
 line 689.

[16] [17] [18]

Package natbib Warning: Citation `newton94' on page 19 undefined on input line 
773.


Package natbib Warning: Citation `pagel04' on page 19 undefined on input line 7
74.


Package natbib Warning: Citation `sullivan05' on page 19 undefined on input lin
e 774.


Package natbib Warning: Citation `brown07' on page 19 undefined on input line 7
74.


Package natbib Warning: Citation `mcguire07' on page 19 undefined on input line
 774.

[19]

Package natbib Warning: Citation `huelsenbeck04d' on page 20 undefined on input
 line 809.


Package natbib Warning: Citation `huelsenbeck04b' on page 20 undefined on input
 line 810.

[20]

Package natbib Warning: Citation `ane07' on page 21 undefined on input line 830
.

No file partitioned.bbl.
[21] [22] [23]

! LaTeX Error: File `figures/figure_1' not found.

See the LaTeX manual or LaTeX Companion for explanation.
Type  H <return>  for immediate help.
 ...                                              
                                                  
l.888 ...degraphics[width=120mm]{figures/figure_1}
                                                  
? 
[24]

! LaTeX Error: File `figures/figure_2' not found.

See the LaTeX manual or LaTeX Companion for explanation.
Type  H <return>  for immediate help.
 ...                                              
                                                  
l.901 ...angle=90, height=175mm]{figures/figure_2}
                                                  
? 

! Package graphics Error: Division by 0.

See the graphics package documentation for explanation.
Type  H <return>  for immediate help.
 ...                                              
                                                  
l.901 ...angle=90, height=175mm]{figures/figure_2}
                                                  
? 
[25]

! LaTeX Error: File `figures/figure_3' not found.

See the LaTeX manual or LaTeX Companion for explanation.
Type  H <return>  for immediate help.
 ...                                              
                                                  
l.914 ...angle=90, height=175mm]{figures/figure_3}
                                                  
? 

! Package graphics Error: Division by 0.

See the graphics package documentation for explanation.
Type  H <return>  for immediate help.
 ...                                              
                                                  
l.914 ...angle=90, height=175mm]{figures/figure_3}
                                                  
? 
[26]

! LaTeX Error: File `figures/figure_4' not found.

See the LaTeX manual or LaTeX Companion for explanation.
Type  H <return>  for immediate help.
 ...                                              
                                                  
l.927 ...angle=90, height=175mm]{figures/figure_4}
                                                  
? 

! Package graphics Error: Division by 0.

See the graphics package documentation for explanation.
Type  H <return>  for immediate help.
 ...                                              
                                                  
l.927 ...angle=90, height=175mm]{figures/figure_4}
                                                  
? 
[27]

! LaTeX Error: File `figures/figure_5' not found.

See the LaTeX manual or LaTeX Companion for explanation.
Type  H <return>  for immediate help.
 ...                                              
                                                  
l.940 ...egraphics[height=175mm]{figures/figure_5}
                                                  
? 
[28]

! LaTeX Error: File `figures/figure_6' not found.

See the LaTeX manual or LaTeX Companion for explanation.
Type  H <return>  for immediate help.
 ...                                              
                                                  
l.953 ...egraphics[height=175mm]{figures/figure_6}
                                                  
? 

Package natbib Warning: There were undefined citations.

[29] (./partitioned.aux) ) 
Here is how much of TeX's memory you used:
 1320 strings out of 493848
 16215 string characters out of 3149207
 73095 words of memory out of 3000000
 4612 multiletter control sequences out of 15000+200000
 11606 words of font info for 41 fonts, out of 3000000 for 9000
 714 hyphenation exceptions out of 8191
 25i,13n,25p,1020b,186s stack positions out of 5000i,500n,10000p,200000b,50000s
</usr/local/texlive/2009/texmf-dist/fonts/type1/publi
c/amsfonts/cm/cmbx10.pfb></usr/local/texlive/2009/texmf-dist/fonts/type1/public
/amsfonts/cm/cmbx12.pfb></usr/local/texlive/2009/texmf-dist/fonts/type1/public/
amsfonts/cm/cmcsc10.pfb></usr/local/texlive/2009/texmf-dist/fonts/type1/public/
amsfonts/cm/cmex10.pfb></usr/local/texlive/2009/texmf-dist/fonts/type1/public/a
msfonts/cm/cmmi10.pfb></usr/local/texlive/2009/texmf-dist/fonts/type1/public/am
sfonts/cm/cmmi6.pfb></usr/local/texlive/2009/texmf-dist/fonts/type1/public/amsf
onts/cm/cmmi8.pfb></usr/local/texlive/2009/texmf-dist/fonts/type1/public/amsfon
ts/cm/cmmib10.pfb></usr/local/texlive/2009/texmf-dist/fonts/type1/public/amsfon
ts/cm/cmr10.pfb></usr/local/texlive/2009/texmf-dist/fonts/type1/public/amsfonts
/cm/cmr8.pfb></usr/local/texlive/2009/texmf-dist/fonts/type1/public/amsfonts/cm
/cmsy10.pfb></usr/local/texlive/2009/texmf-dist/fonts/type1/public/amsfonts/cm/
cmsy8.pfb></usr/local/texlive/2009/texmf-dist/fonts/type1/public/amsfonts/cm/cm
ti10.pfb></usr/local/texlive/2009/texmf-dist/fonts/type1/public/amsfonts/cm/cmt
t10.pfb>
Output written on partitioned.pdf (30 pages, 248123 bytes).
PDF statistics:
 154 PDF objects out of 1000 (max. 8388607)
 0 named destinations out of 1000 (max. 500000)
 1 words of extra memory for PDF output out of 10000 (max. 10000000)

